[preview.colorlib.com/theme/beckham/index.html]
[backblue.gif]
[fade.gif]
[index.html]
[preview.colorlib.com/theme/beckham/images/author-2.jpg]
[preview.colorlib.com/theme/beckham/css/open-iconic-bootstrap.min.css+animate.css+owl.carousel.min.css+owl.theme.default.min.css+magnific-popup.css+aos.css+ionicons.min.css+bootstrap-datepicker.css+jquer]
[preview.colorlib.com/theme/beckham/index-2.html]
[preview.colorlib.com/theme/beckham/about.html]
[preview.colorlib.com/theme/beckham/services.html]
[preview.colorlib.com/theme/beckham/portfolio.html]
[preview.colorlib.com/theme/beckham/blog.html]
[preview.colorlib.com/theme/beckham/contact.html]
[preview.colorlib.com/theme/beckham/images/xperson_1.jpg.pagespeed.ic.P4pHl6glbj.jpg]
[preview.colorlib.com/theme/beckham/images/author-1.jpg]
[preview.colorlib.com/theme/beckham/portfolio-single.a.delayed]
[preview.colorlib.com/theme/beckham/images/xwork-1.jpg.pagespeed.ic.KnIz2RKbkv.jpg]
[preview.colorlib.com/theme/beckham/images/xwork-2.jpg.pagespeed.ic.RA1-MwdNxN.jpg]
[preview.colorlib.com/theme/beckham/portfoli-singleo.html]
[preview.colorlib.com/theme/beckham/images/xwork-3.jpg.pagespeed.ic.iqHIdW7KcC.jpg]
[preview.colorlib.com/theme/beckham/images/work-4.jpg]
[preview.colorlib.com/theme/beckham/images/xwork-5.jpg.pagespeed.ic.NMFWd3NHwI.jpg]
[preview.colorlib.com/theme/beckham/images/xwork-6.jpg.pagespeed.ic.T1h2rYBQeN.jpg]
[preview.colorlib.com/theme/beckham/js/jquery.min.js]
[preview.colorlib.com/theme/beckham/js/jquery-migrate-3.0.1.min.js+popper.min.js+bootstrap.min.js+jquery.easing.1.3.js.pagespeed.jc.cJU2nST1rd.js]
[preview.colorlib.com/theme/beckham/js/jquery.waypoints.min.js+jquery.stellar.min.js+owl.carousel.min.js+jquery.magnific-popup.min.js.pagespeed.jc.OS2-fzYR9P.js]
[preview.colorlib.com/theme/beckham/js/aos.js+jquery.animateNumber.min.js+scrollax.min.js+bootstrap-datepicker.js+jquery.timepicker.min.js+google-map.js.pagespeed.jc.yIWJqF4mH7.js]
[preview.colorlib.com/theme/beckham/index.html]
[preview.colorlib.com/theme/beckham/js/main.js]
[preview.colorlib.com/theme/beckham/fonts/open-iconic/open-iconic.eot]
[preview.colorlib.com/theme/beckham/fonts/open-iconic/open-iconicd41d.eot]
[preview.colorlib.com/theme/beckham/fonts/open-iconic/open-iconic.woff]
[preview.colorlib.com/theme/beckham/fonts/open-iconic/open-iconic.ttf]
[preview.colorlib.com/theme/beckham/fonts/open-iconic/open-iconic.otf]
[preview.colorlib.com/theme/beckham/fonts/open-iconic/open-iconic.svg]
[preview.colorlib.com/theme/beckham/css/owl.video.play.png]
[preview.colorlib.com/theme/beckham/fonts/ionicons/fonts/ionicons580c.eot]
[preview.colorlib.com/theme/beckham/fonts/ionicons/fonts/ionicons580c.woff2]
[preview.colorlib.com/theme/beckham/fonts/ionicons/fonts/ionicons580c.woff]
[preview.colorlib.com/theme/beckham/fonts/ionicons/fonts/ionicons580c.ttf]
[preview.colorlib.com/theme/beckham/fonts/ionicons/fonts/ionicons580c.svg]
[preview.colorlib.com/theme/beckham/fonts/flaticon/font/Flaticon.eot]
[preview.colorlib.com/theme/beckham/fonts/flaticon/font/Flaticond41d.eot]
[preview.colorlib.com/theme/beckham/fonts/flaticon/font/Flaticon.woff]
[preview.colorlib.com/theme/beckham/fonts/flaticon/font/Flaticon.ttf]
[preview.colorlib.com/theme/beckham/fonts/flaticon/font/Flaticon.svg]
[preview.colorlib.com/theme/beckham/fonts/icomoon/icomoonccfb.eot]
[preview.colorlib.com/theme/beckham/fonts/icomoon/icomoonccfb.ttf]
[preview.colorlib.com/theme/beckham/fonts/icomoon/icomoonccfb.woff]
[preview.colorlib.com/theme/beckham/css/open-iconic-bootstrap.min.css+animate.css+owl.carousel.min.css+owl.theme.default.min.css+magnific-popup.css+aos.css+ionicons.min.css+bootstrap-datepicker.css+jquer]
[preview.colorlib.com/theme/beckham/index-2.html]
[preview.colorlib.com/theme/beckham/about.html]
[preview.colorlib.com/theme/beckham/services.html]
[preview.colorlib.com/theme/beckham/portfolio.html]
[preview.colorlib.com/theme/beckham/fonts/icomoon/icomoonccfb.svg]
[preview.colorlib.com/theme/beckham/css/A.open-iconic-bootstrap.min.css+animate.css+owl.carousel.min.css+owl.theme.default.min.css+magnific-popup.css+aos.css+ionicons.min.css+bootstrap-datepicker.css+jqu]
[preview.colorlib.com/theme/beckham/blog-single.html]
[preview.colorlib.com/theme/beckham/images/image_1.jpg]
[preview.colorlib.com/theme/beckham/images/image_2.jpg]
[preview.colorlib.com/theme/beckham/images/image_3.jpg]
[preview.colorlib.com/theme/beckham/images/image_4.jpg]
[preview.colorlib.com/theme/beckham/images/image_5.jpg]
[preview.colorlib.com/theme/beckham/images/image_6.jpg]
[preview.colorlib.com/theme/beckham/blog.html]
[preview.colorlib.com/theme/beckham/contact.html]
[preview.colorlib.com/theme/beckham/portfolio-single.html]
[preview.colorlib.com/theme/beckham/portfoli-singleo.html]
[preview.colorlib.com/theme/beckham/fonts/open-iconic/open-iconic.svg]
[preview.colorlib.com/theme/beckham/css/owl.video.play.html]
[preview.colorlib.com/theme/beckham/fonts/ionicons/fonts/ionicons580c.svg]
[preview.colorlib.com/theme/beckham/fonts/flaticon/font/Flaticon.svg]
[preview.colorlib.com/theme/beckham/fonts/icomoon/icomoonccfb.svg]
[preview.colorlib.com/theme/beckham/css/A.open-iconic-bootstrap.min.css+animate.css+owl.carousel.min.css+owl.theme.default.min.css+magnific-popup.css+aos.css+ionicons.min.css+bootstrap-datepicker.css+jqu]
[preview.colorlib.com/theme/beckham/images/ximage_6.jpg.pagespeed.ic.BDakW5gyt8.jpg]
[preview.colorlib.com/theme/beckham/images/image_8.jpg]
[preview.colorlib.com/theme/beckham/blog-single.html]
[preview.colorlib.com/theme/beckham/images/image_8.html]
